2026-03-17 16:02:18,839 - __main__ - INFO - 🏀 NBA Value Bet Bot запускается...
2026-03-17 16:02:19,836 - __main__ - INFO - ✅ Бот запущен! Нажми Ctrl+C для остановки.
2026-03-17 16:02:20,234 - httpx - INFO - HTTP Request: POST https://api.telegram.org/bot8788370305:AAFr74hzbnE0V7kS4JY9txRjFssrP0PoPRk/getMe "HTTP/1.1 200 OK"
2026-03-17 16:02:20,237 - apscheduler.scheduler - INFO - Scheduler started
2026-03-17 16:02:20,238 - telegram.ext.Application - INFO - Application started
2026-03-17 16:02:20,326 - httpx - INFO - HTTP Request: POST https://api.telegram.org/bot8788370305:AAFr74hzbnE0V7kS4JY9txRjFssrP0PoPRk/deleteWebhook "HTTP/1.1 200 OK"
2026-03-17 16:02:20,592 - httpx - INFO - HTTP Request: POST https://api.telegram.org/bot8788370305:AAFr74hzbnE0V7kS4JY9txRjFssrP0PoPRk/getUpdates "HTTP/1.1 200 OK"
2026-03-17 16:02:20,802 - httpx - INFO - HTTP Request: POST https://api.telegram.org/bot8788370305:AAFr74hzbnE0V7kS4JY9txRjFssrP0PoPRk/sendMessage "HTTP/1.1 200 OK"
2026-03-17 16:02:20,923 - httpx - INFO - HTTP Request: POST https://api.telegram.org/bot8788370305:AAFr74hzbnE0V7kS4JY9txRjFssrP0PoPRk/sendMessage "HTTP/1.1 200 OK"
2026-03-17 16:02:21,044 - httpx - INFO - HTTP Request: POST https://api.telegram.org/bot8788370305:AAFr74hzbnE0V7kS4JY9txRjFssrP0PoPRk/sendMessage "HTTP/1.1 200 OK"
2026-03-17 16:02:30,747 - httpx - INFO - HTTP Request: POST https://api.telegram.org/bot8788370305:AAFr74hzbnE0V7kS4JY9txRjFssrP0PoPRk/getUpdates "HTTP/1.1 200 OK"
2026-03-17 16:02:40,834 - httpx - INFO - HTTP Request: POST https://api.telegram.org/bot8788370305:AAFr74hzbnE0V7kS4JY9txRjFssrP0PoPRk/getUpdates "HTTP/1.1 200 OK"
2026-03-17 16:02:50,931 - httpx - INFO - HTTP Request: POST https://api.telegram.org/bot8788370305:AAFr74hzbnE0V7kS4JY9txRjFssrP0PoPRk/getUpdates "HTTP/1.1 200 OK"
2026-03-17 16:03:01,016 - httpx - INFO - HTTP Request: POST https://api.telegram.org/bot8788370305:AAFr74hzbnE0V7kS4JY9txRjFssrP0PoPRk/getUpdates "HTTP/1.1 200 OK"
2026-03-17 16:03:11,102 - httpx - INFO - HTTP Request: POST https://api.telegram.org/bot8788370305:AAFr74hzbnE0V7kS4JY9txRjFssrP0PoPRk/getUpdates "HTTP/1.1 200 OK"
2026-03-17 16:03:21,192 - httpx - INFO - HTTP Request: POST https://api.telegram.org/bot8788370305:AAFr74hzbnE0V7kS4JY9txRjFssrP0PoPRk/getUpdates "HTTP/1.1 200 OK"
2026-03-17 16:03:31,283 - httpx - INFO - HTTP Request: POST https://api.telegram.org/bot8788370305:AAFr74hzbnE0V7kS4JY9txRjFssrP0PoPRk/getUpdates "HTTP/1.1 200 OK"
2026-03-17 16:03:41,366 - httpx - INFO - HTTP Request: POST https://api.telegram.org/bot8788370305:AAFr74hzbnE0V7kS4JY9txRjFssrP0PoPRk/getUpdates "HTTP/1.1 200 OK"
2026-03-17 16:03:51,459 - httpx - INFO - HTTP Request: POST https://api.telegram.org/bot8788370305:AAFr74hzbnE0V7kS4JY9txRjFssrP0PoPRk/getUpdates "HTTP/1.1 200 OK"
2026-03-17 16:04:01,548 - httpx - INFO - HTTP Request: POST https://api.telegram.org/bot8788370305:AAFr74hzbnE0V7kS4JY9txRjFssrP0PoPRk/getUpdates "HTTP/1.1 200 OK"
2026-03-17 16:04:11,635 - httpx - INFO - HTTP Request: POST https://api.telegram.org/bot8788370305:AAFr74hzbnE0V7kS4JY9txRjFssrP0PoPRk/getUpdates "HTTP/1.1 200 OK"
2026-03-17 16:04:21,726 - httpx - INFO - HTTP Request: POST https://api.telegram.org/bot8788370305:AAFr74hzbnE0V7kS4JY9txRjFssrP0PoPRk/getUpdates "HTTP/1.1 200 OK"
2026-03-17 16:04:31,821 - httpx - INFO - HTTP Request: POST https://api.telegram.org/bot8788370305:AAFr74hzbnE0V7kS4JY9txRjFssrP0PoPRk/getUpdates "HTTP/1.1 200 OK"
2026-03-17 16:04:41,912 - httpx - INFO - HTTP Request: POST https://api.telegram.org/bot8788370305:AAFr74hzbnE0V7kS4JY9txRjFssrP0PoPRk/getUpdates "HTTP/1.1 200 OK"
2026-03-17 16:04:52,007 - httpx - INFO - HTTP Request: POST https://api.telegram.org/bot8788370305:AAFr74hzbnE0V7kS4JY9txRjFssrP0PoPRk/getUpdates "HTTP/1.1 200 OK"
2026-03-17 16:05:02,099 - httpx - INFO - HTTP Request: POST https://api.telegram.org/bot8788370305:AAFr74hzbnE0V7kS4JY9txRjFssrP0PoPRk/getUpdates "HTTP/1.1 200 OK"
2026-03-17 16:05:12,182 - httpx - INFO - HTTP Request: POST https://api.telegram.org/bot8788370305:AAFr74hzbnE0V7kS4JY9txRjFssrP0PoPRk/getUpdates "HTTP/1.1 200 OK"
2026-03-17 16:05:22,271 - httpx - INFO - HTTP Request: POST https://api.telegram.org/bot8788370305:AAFr74hzbnE0V7kS4JY9txRjFssrP0PoPRk/getUpdates "HTTP/1.1 200 OK"
2026-03-17 16:05:32,359 - httpx - INFO - HTTP Request: POST https://api.telegram.org/bot8788370305:AAFr74hzbnE0V7kS4JY9txRjFssrP0PoPRk/getUpdates "HTTP/1.1 200 OK"
2026-03-17 16:05:42,447 - httpx - INFO - HTTP Request: POST https://api.telegram.org/bot8788370305:AAFr74hzbnE0V7kS4JY9txRjFssrP0PoPRk/getUpdates "HTTP/1.1 200 OK"
2026-03-17 16:05:52,554 - httpx - INFO - HTTP Request: POST https://api.telegram.org/bot8788370305:AAFr74hzbnE0V7kS4JY9txRjFssrP0PoPRk/getUpdates "HTTP/1.1 200 OK"
2026-03-17 16:06:02,641 - httpx - INFO - HTTP Request: POST https://api.telegram.org/bot8788370305:AAFr74hzbnE0V7kS4JY9txRjFssrP0PoPRk/getUpdates "HTTP/1.1 200 OK"
2026-03-17 16:06:12,731 - httpx - INFO - HTTP Request: POST https://api.telegram.org/bot8788370305:AAFr74hzbnE0V7kS4JY9txRjFssrP0PoPRk/getUpdates "HTTP/1.1 200 OK"
2026-03-17 16:06:22,814 - httpx - INFO - HTTP Request: POST https://api.telegram.org/bot8788370305:AAFr74hzbnE0V7kS4JY9txRjFssrP0PoPRk/getUpdates "HTTP/1.1 200 OK"
2026-03-17 16:06:32,905 - httpx - INFO - HTTP Request: POST https://api.telegram.org/bot8788370305:AAFr74hzbnE0V7kS4JY9txRjFssrP0PoPRk/getUpdates "HTTP/1.1 200 OK"
2026-03-17 16:06:42,991 - httpx - INFO - HTTP Request: POST https://api.telegram.org/bot8788370305:AAFr74hzbnE0V7kS4JY9txRjFssrP0PoPRk/getUpdates "HTTP/1.1 200 OK"
2026-03-17 16:06:53,076 - httpx - INFO - HTTP Request: POST https://api.telegram.org/bot8788370305:AAFr74hzbnE0V7kS4JY9txRjFssrP0PoPRk/getUpdates "HTTP/1.1 200 OK"
2026-03-17 16:07:03,158 - httpx - INFO - HTTP Request: POST https://api.telegram.org/bot8788370305:AAFr74hzbnE0V7kS4JY9txRjFssrP0PoPRk/getUpdates "HTTP/1.1 200 OK"
2026-03-17 16:07:13,248 - httpx - INFO - HTTP Request: POST https://api.telegram.org/bot8788370305:AAFr74hzbnE0V7kS4JY9txRjFssrP0PoPRk/getUpdates "HTTP/1.1 200 OK"
2026-03-17 16:07:23,337 - httpx - INFO - HTTP Request: POST https://api.telegram.org/bot8788370305:AAFr74hzbnE0V7kS4JY9txRjFssrP0PoPRk/getUpdates "HTTP/1.1 200 OK"
2026-03-17 16:07:33,423 - httpx - INFO - HTTP Request: POST https://api.telegram.org/bot8788370305:AAFr74hzbnE0V7kS4JY9txRjFssrP0PoPRk/getUpdates "HTTP/1.1 200 OK"
2026-03-17 16:07:43,517 - httpx - INFO - HTTP Request: POST https://api.telegram.org/bot8788370305:AAFr74hzbnE0V7kS4JY9txRjFssrP0PoPRk/getUpdates "HTTP/1.1 200 OK"
2026-03-17 16:07:53,609 - httpx - INFO - HTTP Request: POST https://api.telegram.org/bot8788370305:AAFr74hzbnE0V7kS4JY9txRjFssrP0PoPRk/getUpdates "HTTP/1.1 200 OK"
2026-03-17 16:08:03,696 - httpx - INFO - HTTP Request: POST https://api.telegram.org/bot8788370305:AAFr74hzbnE0V7kS4JY9txRjFssrP0PoPRk/getUpdates "HTTP/1.1 200 OK"
2026-03-17 16:08:13,792 - httpx - INFO - HTTP Request: POST https://api.telegram.org/bot8788370305:AAFr74hzbnE0V7kS4JY9txRjFssrP0PoPRk/getUpdates "HTTP/1.1 200 OK"
2026-03-17 16:08:23,885 - httpx - INFO - HTTP Request: POST https://api.telegram.org/bot8788370305:AAFr74hzbnE0V7kS4JY9txRjFssrP0PoPRk/getUpdates "HTTP/1.1 200 OK"
2026-03-17 16:08:33,969 - httpx - INFO - HTTP Request: POST https://api.telegram.org/bot8788370305:AAFr74hzbnE0V7kS4JY9txRjFssrP0PoPRk/getUpdates "HTTP/1.1 200 OK"
2026-03-17 16:08:44,054 - httpx - INFO - HTTP Request: POST https://api.telegram.org/bot8788370305:AAFr74hzbnE0V7kS4JY9txRjFssrP0PoPRk/getUpdates "HTTP/1.1 200 OK"
2026-03-17 16:08:54,145 - httpx - INFO - HTTP Request: POST https://api.telegram.org/bot8788370305:AAFr74hzbnE0V7kS4JY9txRjFssrP0PoPRk/getUpdates "HTTP/1.1 200 OK"
2026-03-17 16:09:04,232 - httpx - INFO - HTTP Request: POST https://api.telegram.org/bot8788370305:AAFr74hzbnE0V7kS4JY9txRjFssrP0PoPRk/getUpdates "HTTP/1.1 200 OK"
2026-03-17 16:09:14,318 - httpx - INFO - HTTP Request: POST https://api.telegram.org/bot8788370305:AAFr74hzbnE0V7kS4JY9txRjFssrP0PoPRk/getUpdates "HTTP/1.1 200 OK"
